<?xml version="1.0" encoding="UTF-8"?>
<!-- Generated by org.testng.reporters.JUnitReportReporter -->
<testsuite hostname="shamim-chowdhurys-macbook-pro.local" name="bank.chase.ChaseHome" tests="1" failures="0" timestamp="10 May 2015 18:01:01 GMT" time="51.545" errors="0">
  <testcase name="homePage" time="51.545" classname="bank.chase.ChaseHome"/>
</testsuite> <!-- bank.chase.ChaseHome -->
